Base path: '/Applications/Unity/Hub/Editor/2019.3.3f1/Unity.app/Contents', plugins path '/Applications/Unity/Hub/Editor/2019.3.3f1/PlaybackEngines'
Cmd: initializeCompiler
Cmd: compileSnippet
  api=14 type=0 insize=1602 outsize=4151 kw=UNITY_PASS_FORWARDBASE DIRECTIONAL SHADOWS_SCREEN LIGHTPROBE_SH pd=UNITY_ENABLE_REFLECTION_BUFFERS UNITY_USE_DITHER_MASK_FOR_ALPHABLENDED_SHADOWS UNITY_PBS_USE_BRDF1 UNITY_SPECCUBE_BOX_PROJECTION UNITY_SPECCUBE_BLENDING UNITY_ENABLE_DETAIL_NORMALMAP SHADER_API_DESKTOP UNITY_COLORSPACE_GAMMA UNITY_LIGHT_PROBE_PROXY_VOLUME UNITY_LIGHTMAP_FULL_HDR ok=1
Cmd: initializeCompiler
Cmd: compileComputeKernel
  api=14 insize=12109 outsize=3779 ok=1
Cmd: translateComputeKernel
  api=14 insize=4522 outsize=5598 ok=1
Cmd: compileComputeKernel
  api=14 insize=11985 outsize=2853 ok=1
Cmd: compileComputeKernel
  api=14 insize=11985 outsize=2885 ok=1
Cmd: compileComputeKernel
  api=14 insize=11985 outsize=3004 ok=1
Cmd: translateComputeKernel
  api=14 insize=2923 outsize=3379 ok=1
Cmd: translateComputeKernel
  api=14 insize=2960 outsize=3431 ok=1
Cmd: compileComputeKernel
  api=14 insize=18301 outsize=3785 ok=1
Cmd: translateComputeKernel
  api=14 insize=3971 outsize=4967 ok=1
Cmd: compileComputeKernel
  api=14 insize=66874 outsize=15351 ok=1
Cmd: compileComputeKernel
  api=14 insize=66874 outsize=4294 ok=1
Cmd: compileComputeKernel
  api=14 insize=66874 outsize=3053 ok=1
Cmd: translateComputeKernel
  api=14 insize=5725 outsize=7583 ok=1
Cmd: translateComputeKernel
  api=14 insize=4308 outsize=4359 ok=1
Cmd: translateComputeKernel
  api=14 insize=4100 outsize=3811 ok=1
Cmd: translateComputeKernel
  api=14 insize=4182 outsize=3944 ok=1
Cmd: translateComputeKernel
  api=14 insize=4134 outsize=3855 ok=1
Cmd: translateComputeKernel
  api=14 insize=4124 outsize=3853 ok=1
Cmd: translateComputeKernel
  api=14 insize=4141 outsize=3875 ok=1
Cmd: translateComputeKernel
  api=14 insize=4698 outsize=5181 ok=1
Cmd: translateComputeKernel
  api=14 insize=4727 outsize=5224 ok=1
Cmd: translateComputeKernel
  api=14 insize=4139 outsize=3862 ok=1
Cmd: translateComputeKernel
  api=14 insize=4154 outsize=3961 ok=1
Cmd: translateComputeKernel
  api=14 insize=4234 outsize=4017 ok=1
Cmd: translateComputeKernel
  api=14 insize=4181 outsize=3905 ok=1
Cmd: translateComputeKernel
  api=14 insize=5176 outsize=5750 ok=1
Cmd: translateComputeKernel
  api=14 insize=8155 outsize=13757 ok=1
Cmd: compileComputeKernel
  api=14 insize=34089 outsize=1151 ok=1
Cmd: compileComputeKernel
  api=14 insize=34089 outsize=2278 ok=1
Cmd: compileComputeKernel
  api=14 insize=34089 outsize=2173 ok=1
Cmd: compileComputeKernel
  api=14 insize=34089 outsize=2249 ok=1
Cmd: compileComputeKernel
  api=14 insize=34089 outsize=2770 ok=1
Cmd: compileComputeKernel
  api=14 insize=34089 outsize=2841 ok=1
Cmd: compileComputeKernel
  api=14 insize=34089 outsize=2783 ok=1
Cmd: translateComputeKernel
  api=14 insize=1410 outsize=1438 ok=1
Cmd: translateComputeKernel
  api=14 insize=1419 outsize=1449 ok=1
Cmd: translateComputeKernel
  api=14 insize=1572 outsize=1659 ok=1
Cmd: translateComputeKernel
  api=14 insize=2446 outsize=2033 ok=1
Cmd: translateComputeKernel
  api=14 insize=2443 outsize=2024 ok=1
Cmd: translateComputeKernel
  api=14 insize=2931 outsize=3148 ok=1
Cmd: translateComputeKernel
  api=14 insize=3090 outsize=3397 ok=1
Cmd: translateComputeKernel
  api=14 insize=2973 outsize=3222 ok=1
Cmd: translateComputeKernel
  api=14 insize=2944 outsize=3007 ok=1
Cmd: translateComputeKernel
  api=14 insize=2972 outsize=3049 ok=1
Cmd: compileComputeKernel
  api=14 insize=79248 outsize=15948 ok=1
Cmd: translateComputeKernel
  api=14 insize=9142 outsize=17666 ok=1
Cmd: translateComputeKernel
  api=14 insize=5858 outsize=9757 ok=1
Cmd: translateComputeKernel
  api=14 insize=4542 outsize=7062 ok=1
Cmd: translateComputeKernel
  api=14 insize=5183 outsize=9075 ok=1
Cmd: translateComputeKernel
  api=14 insize=3418 outsize=4389 ok=1
Cmd: translateComputeKernel
  api=14 insize=13637 outsize=25888 ok=1
Cmd: compileComputeKernel
  api=14 insize=4442 outsize=2858 ok=1
Cmd: compileComputeKernel
  api=14 insize=1900 outsize=4426 ok=1
Cmd: translateComputeKernel
  api=14 insize=4426 outsize=7636 ok=1

Quitting shader compiler process
