Base path: '/Applications/Unity/Hub/Editor/2019.3.3f1/Unity.app/Contents', plugins path '/Applications/Unity/Hub/Editor/2019.3.3f1/PlaybackEngines'
Cmd: initializeCompiler
Cmd: compileComputeKernel
  api=14 insize=12109 outsize=2755 ok=1
Cmd: translateComputeKernel
  api=14 insize=3781 outsize=4144 ok=1
Cmd: compileComputeKernel
  api=14 insize=11985 outsize=2853 ok=1
Cmd: compileComputeKernel
  api=14 insize=11985 outsize=2887 ok=1
Cmd: translateComputeKernel
  api=14 insize=3363 outsize=4162 ok=1
Cmd: translateComputeKernel
  api=14 insize=3069 outsize=3617 ok=1
Cmd: compileComputeKernel
  api=14 insize=18301 outsize=4711 ok=1
Cmd: translateComputeKernel
  api=14 insize=3895 outsize=4707 ok=1
Cmd: compileComputeKernel
  api=14 insize=66874 outsize=4002 ok=1
Cmd: compileComputeKernel
  api=14 insize=66874 outsize=3621 ok=1
Cmd: compileComputeKernel
  api=14 insize=66874 outsize=4177 ok=1
Cmd: compileComputeKernel
  api=14 insize=66874 outsize=3742 ok=1
Cmd: compileComputeKernel
  api=14 insize=66874 outsize=3442 ok=1
Cmd: compileComputeKernel
  api=14 insize=66874 outsize=3577 ok=1
Cmd: compileComputeKernel
  api=14 insize=66874 outsize=3909 ok=1
Cmd: compileComputeKernel
  api=14 insize=66874 outsize=4051 ok=1
Cmd: compileComputeKernel
  api=14 insize=66874 outsize=4080 ok=1
Cmd: compileComputeKernel
  api=14 insize=66874 outsize=3458 ok=1
Cmd: compileComputeKernel
  api=14 insize=66874 outsize=3473 ok=1
Cmd: compileComputeKernel
  api=14 insize=66874 outsize=3581 ok=1
Cmd: translateComputeKernel
  api=14 insize=4447 outsize=4476 ok=1
Cmd: translateComputeKernel
  api=14 insize=4273 outsize=4111 ok=1
Cmd: translateComputeKernel
  api=14 insize=4443 outsize=4437 ok=1
Cmd: translateComputeKernel
  api=14 insize=4244 outsize=4228 ok=1
Cmd: translateComputeKernel
  api=14 insize=4137 outsize=3855 ok=1
Cmd: translateComputeKernel
  api=14 insize=4097 outsize=3813 ok=1
Cmd: translateComputeKernel
  api=14 insize=4333 outsize=4158 ok=1
Cmd: translateComputeKernel
  api=14 insize=4707 outsize=5072 ok=1
Cmd: translateComputeKernel
  api=14 insize=4698 outsize=5181 ok=1
Cmd: translateComputeKernel
  api=14 insize=4783 outsize=5323 ok=1
Cmd: translateComputeKernel
  api=14 insize=4876 outsize=5475 ok=1
Cmd: translateComputeKernel
  api=14 insize=4115 outsize=3874 ok=1
Cmd: translateComputeKernel
  api=14 insize=4647 outsize=4683 ok=1
Cmd: translateComputeKernel
  api=14 insize=4195 outsize=4009 ok=1
Cmd: compileComputeKernel
  api=14 insize=72903 outsize=7493 ok=1
Cmd: compileComputeKernel
  api=14 insize=34089 outsize=1157 ok=1
Cmd: compileComputeKernel
  api=14 insize=34089 outsize=2231 ok=1
Cmd: compileComputeKernel
  api=14 insize=34089 outsize=2495 ok=1
Cmd: compileComputeKernel
  api=14 insize=34089 outsize=2344 ok=1
Cmd: compileComputeKernel
  api=14 insize=34089 outsize=2996 ok=1
Cmd: compileComputeKernel
  api=14 insize=34089 outsize=2772 ok=1
Cmd: compileComputeKernel
  api=14 insize=34089 outsize=2783 ok=1
Cmd: compileComputeKernel
  api=14 insize=34089 outsize=2796 ok=1
Cmd: translateComputeKernel
  api=14 insize=2402 outsize=1959 ok=1
Cmd: translateComputeKernel
  api=14 insize=2426 outsize=1965 ok=1
Cmd: translateComputeKernel
  api=14 insize=1458 outsize=1514 ok=1
Cmd: translateComputeKernel
  api=14 insize=2954 outsize=3010 ok=1
Cmd: translateComputeKernel
  api=14 insize=3058 outsize=3347 ok=1
Cmd: translateComputeKernel
  api=14 insize=3068 outsize=3206 ok=1
Cmd: translateComputeKernel
  api=14 insize=2944 outsize=3008 ok=1
Cmd: translateComputeKernel
  api=14 insize=3264 outsize=3556 ok=1
Cmd: compileComputeKernel
  api=14 insize=79248 outsize=16236 ok=1
Cmd: translateComputeKernel
  api=14 insize=26211 outsize=53938 ok=1
Cmd: compileComputeKernel
  api=14 insize=4442 outsize=3014 ok=1
Cmd: translateComputeKernel
  api=14 insize=3072 outsize=3858 ok=1

Quitting shader compiler process
