Base path: '/Applications/Unity/Hub/Editor/2019.3.3f1/Unity.app/Contents', plugins path '/Applications/Unity/Hub/Editor/2019.3.3f1/PlaybackEngines'
Cmd: initializeCompiler
Cmd: compileComputeKernel
  api=14 insize=12109 outsize=3286 ok=1
Cmd: translateComputeKernel
  api=14 insize=3773 outsize=4199 ok=1
Cmd: compileComputeKernel
  api=14 insize=11985 outsize=2853 ok=1
Cmd: compileComputeKernel
  api=14 insize=11985 outsize=2890 ok=1
Cmd: translateComputeKernel
  api=14 insize=2927 outsize=3382 ok=1
Cmd: translateComputeKernel
  api=14 insize=2953 outsize=3424 ok=1
Cmd: compileComputeKernel
  api=14 insize=18301 outsize=4711 ok=1
Cmd: translateComputeKernel
  api=14 insize=7525 outsize=12898 ok=1
Cmd: compileComputeKernel
  api=14 insize=66874 outsize=4611 ok=1
Cmd: compileComputeKernel
  api=14 insize=66874 outsize=3593 ok=1
Cmd: compileComputeKernel
  api=14 insize=66874 outsize=3933 ok=1
Cmd: compileComputeKernel
  api=14 insize=66874 outsize=3456 ok=1
Cmd: compileComputeKernel
  api=14 insize=66874 outsize=3501 ok=1
Cmd: compileComputeKernel
  api=14 insize=66874 outsize=4093 ok=1
Cmd: compileComputeKernel
  api=14 insize=66874 outsize=4051 ok=1
Cmd: compileComputeKernel
  api=14 insize=66874 outsize=4088 ok=1
Cmd: compileComputeKernel
  api=14 insize=66874 outsize=4230 ok=1
Cmd: compileComputeKernel
  api=14 insize=66874 outsize=4142 ok=1
Cmd: compileComputeKernel
  api=14 insize=66874 outsize=3053 ok=1
Cmd: translateComputeKernel
  api=14 insize=15865 outsize=28449 ok=1
Cmd: translateComputeKernel
  api=14 insize=7526 outsize=13315 ok=1
Cmd: compileComputeKernel
  api=14 insize=34089 outsize=2152 ok=1
Cmd: compileComputeKernel
  api=14 insize=34089 outsize=2249 ok=1
Cmd: compileComputeKernel
  api=14 insize=34089 outsize=2320 ok=1
Cmd: compileComputeKernel
  api=14 insize=34089 outsize=2188 ok=1
Cmd: compileComputeKernel
  api=14 insize=34089 outsize=2730 ok=1
Cmd: compileComputeKernel
  api=14 insize=34089 outsize=2778 ok=1
Cmd: compileComputeKernel
  api=14 insize=34089 outsize=2760 ok=1
Cmd: compileComputeKernel
  api=14 insize=34089 outsize=3090 ok=1
Cmd: translateComputeKernel
  api=14 insize=2404 outsize=1955 ok=1
Cmd: translateComputeKernel
  api=14 insize=1558 outsize=1662 ok=1
Cmd: translateComputeKernel
  api=14 insize=2902 outsize=3114 ok=1
Cmd: translateComputeKernel
  api=14 insize=2881 outsize=3120 ok=1
Cmd: compileComputeKernel
  api=14 insize=79248 outsize=23485 ok=1
Cmd: translateComputeKernel
  api=14 insize=13863 outsize=26192 ok=1
Cmd: compileComputeKernel
  api=14 insize=4442 outsize=2713 ok=1

Quitting shader compiler process
