Base path: '/Applications/Unity/Hub/Editor/2019.3.3f1/Unity.app/Contents', plugins path '/Applications/Unity/Hub/Editor/2019.3.3f1/PlaybackEngines'
Cmd: initializeCompiler
Cmd: compileSnippet
  api=14 type=1 insize=16577 outsize=1879 kw=_SUNDISK_SIMPLE pd=UNITY_ENABLE_REFLECTION_BUFFERS UNITY_USE_DITHER_MASK_FOR_ALPHABLENDED_SHADOWS UNITY_PBS_USE_BRDF1 UNITY_SPECCUBE_BOX_PROJECTION UNITY_SPECCUBE_BLENDING UNITY_ENABLE_DETAIL_NORMALMAP SHADER_API_DESKTOP UNITY_COLORSPACE_GAMMA UNITY_LIGHT_PROBE_PROXY_VOLUME UNITY_LIGHTMAP_FULL_HDR ok=1
Cmd: initializeCompiler
Cmd: compileComputeKernel
  api=14 insize=12109 outsize=2926 ok=1
Cmd: compileComputeKernel
  api=14 insize=12109 outsize=3842 ok=1
Cmd: translateComputeKernel
  api=14 insize=2985 outsize=2778 ok=1
Cmd: translateComputeKernel
  api=14 insize=3256 outsize=3219 ok=1
Cmd: compileComputeKernel
  api=14 insize=11985 outsize=3293 ok=1
Cmd: compileComputeKernel
  api=14 insize=11985 outsize=3004 ok=1
Cmd: translateComputeKernel
  api=14 insize=3008 outsize=3526 ok=1
Cmd: translateComputeKernel
  api=14 insize=3074 outsize=3638 ok=1
Cmd: compileComputeKernel
  api=14 insize=18301 outsize=7173 ok=1
Cmd: translateComputeKernel
  api=14 insize=5073 outsize=7774 ok=1
Cmd: compileComputeKernel
  api=14 insize=66874 outsize=3711 ok=1
Cmd: compileComputeKernel
  api=14 insize=66874 outsize=3621 ok=1
Cmd: compileComputeKernel
  api=14 insize=66874 outsize=4161 ok=1
Cmd: compileComputeKernel
  api=14 insize=66874 outsize=3419 ok=1
Cmd: compileComputeKernel
  api=14 insize=66874 outsize=3763 ok=1
Cmd: compileComputeKernel
  api=14 insize=66874 outsize=3443 ok=1
Cmd: compileComputeKernel
  api=14 insize=66874 outsize=3496 ok=1
Cmd: compileComputeKernel
  api=14 insize=66874 outsize=4491 ok=1
Cmd: compileComputeKernel
  api=14 insize=66874 outsize=3433 ok=1
Cmd: compileComputeKernel
  api=14 insize=66874 outsize=3726 ok=1
Cmd: compileComputeKernel
  api=14 insize=66874 outsize=4749 ok=1
Cmd: translateComputeKernel
  api=14 insize=4363 outsize=4417 ok=1
Cmd: translateComputeKernel
  api=14 insize=4245 outsize=4141 ok=1
Cmd: translateComputeKernel
  api=14 insize=4548 outsize=4645 ok=1
Cmd: translateComputeKernel
  api=14 insize=4100 outsize=3811 ok=1
Cmd: translateComputeKernel
  api=14 insize=4182 outsize=3944 ok=1
Cmd: translateComputeKernel
  api=14 insize=4134 outsize=3855 ok=1
Cmd: translateComputeKernel
  api=14 insize=4124 outsize=3853 ok=1
Cmd: translateComputeKernel
  api=14 insize=4735 outsize=5233 ok=1
Cmd: translateComputeKernel
  api=14 insize=4154 outsize=3976 ok=1
Cmd: translateComputeKernel
  api=14 insize=6064 outsize=7658 ok=1
Cmd: compileComputeKernel
  api=14 insize=72903 outsize=9640 ok=1
Cmd: translateComputeKernel
  api=14 insize=14069 outsize=26802 ok=1
Cmd: compileComputeKernel
  api=14 insize=34089 outsize=1156 ok=1
Cmd: compileComputeKernel
  api=14 insize=34089 outsize=2225 ok=1
Cmd: compileComputeKernel
  api=14 insize=34089 outsize=1205 ok=1
Cmd: compileComputeKernel
  api=14 insize=34089 outsize=2764 ok=1
Cmd: compileComputeKernel
  api=14 insize=34089 outsize=2929 ok=1
Cmd: compileComputeKernel
  api=14 insize=34089 outsize=2808 ok=1
Cmd: compileComputeKernel
  api=14 insize=34089 outsize=2841 ok=1
Cmd: translateComputeKernel
  api=14 insize=2401 outsize=1957 ok=1
Cmd: translateComputeKernel
  api=14 insize=2577 outsize=2159 ok=1
Cmd: translateComputeKernel
  api=14 insize=2386 outsize=1918 ok=1
Cmd: translateComputeKernel
  api=14 insize=2396 outsize=1919 ok=1
Cmd: translateComputeKernel
  api=14 insize=2925 outsize=2972 ok=1
Cmd: translateComputeKernel
  api=14 insize=3153 outsize=3313 ok=1
Cmd: translateComputeKernel
  api=14 insize=3045 outsize=3328 ok=1
Cmd: translateComputeKernel
  api=14 insize=2944 outsize=3008 ok=1
Cmd: translateComputeKernel
  api=14 insize=2909 outsize=3157 ok=1
Cmd: compileComputeKernel
  api=14 insize=79248 outsize=12737 ok=1
Cmd: compileComputeKernel
  api=14 insize=79248 outsize=36218 ok=1
Cmd: translateComputeKernel
  api=14 insize=23519 outsize=47768 ok=1
Cmd: compileComputeKernel
  api=14 insize=4442 outsize=2948 ok=1

Quitting shader compiler process
