Base path: '/Applications/Unity/Hub/Editor/2019.3.3f1/Unity.app/Contents', plugins path '/Applications/Unity/Hub/Editor/2019.3.3f1/PlaybackEngines'
Cmd: initializeCompiler
Cmd: compileComputeKernel
  api=14 insize=12109 outsize=3671 ok=1
Cmd: translateComputeKernel
  api=14 insize=3470 outsize=3792 ok=1
Cmd: compileComputeKernel
  api=14 insize=11985 outsize=2853 ok=1
Cmd: compileComputeKernel
  api=14 insize=11985 outsize=2883 ok=1
Cmd: translateComputeKernel
  api=14 insize=3363 outsize=4162 ok=1
Cmd: translateComputeKernel
  api=14 insize=3069 outsize=3617 ok=1
Cmd: compileComputeKernel
  api=14 insize=18301 outsize=4919 ok=1
Cmd: translateComputeKernel
  api=14 insize=7267 outsize=12345 ok=1
Cmd: compileComputeKernel
  api=14 insize=66874 outsize=5415 ok=1
Cmd: compileComputeKernel
  api=14 insize=66874 outsize=3779 ok=1
Cmd: compileComputeKernel
  api=14 insize=66874 outsize=3417 ok=1
Cmd: compileComputeKernel
  api=14 insize=66874 outsize=3453 ok=1
Cmd: compileComputeKernel
  api=14 insize=66874 outsize=3443 ok=1
Cmd: compileComputeKernel
  api=14 insize=66874 outsize=4051 ok=1
Cmd: compileComputeKernel
  api=14 insize=66874 outsize=4080 ok=1
Cmd: compileComputeKernel
  api=14 insize=66874 outsize=3458 ok=1
Cmd: compileComputeKernel
  api=14 insize=66874 outsize=3434 ok=1
Cmd: compileComputeKernel
  api=14 insize=66874 outsize=3559 ok=1
Cmd: translateComputeKernel
  api=14 insize=5653 outsize=7519 ok=1
Cmd: translateComputeKernel
  api=14 insize=6155 outsize=7828 ok=1
Cmd: translateComputeKernel
  api=14 insize=4698 outsize=5181 ok=1
Cmd: translateComputeKernel
  api=14 insize=4783 outsize=5323 ok=1
Cmd: translateComputeKernel
  api=14 insize=4877 outsize=5475 ok=1
Cmd: translateComputeKernel
  api=14 insize=4155 outsize=3962 ok=1
Cmd: translateComputeKernel
  api=14 insize=4565 outsize=4600 ok=1
Cmd: translateComputeKernel
  api=14 insize=3734 outsize=3060 ok=1
Cmd: compileComputeKernel
  api=14 insize=72903 outsize=14036 ok=1
Cmd: compileComputeKernel
  api=14 insize=34089 outsize=2244 ok=1
Cmd: compileComputeKernel
  api=14 insize=34089 outsize=2477 ok=1
Cmd: compileComputeKernel
  api=14 insize=34089 outsize=2277 ok=1
Cmd: compileComputeKernel
  api=14 insize=34089 outsize=2283 ok=1
Cmd: compileComputeKernel
  api=14 insize=34089 outsize=3019 ok=1
Cmd: compileComputeKernel
  api=14 insize=34089 outsize=2831 ok=1
Cmd: compileComputeKernel
  api=14 insize=34089 outsize=2818 ok=1
Cmd: translateComputeKernel
  api=14 insize=2341 outsize=1846 ok=1
Cmd: translateComputeKernel
  api=14 insize=2409 outsize=1961 ok=1
Cmd: translateComputeKernel
  api=14 insize=2420 outsize=1958 ok=1
Cmd: translateComputeKernel
  api=14 insize=2368 outsize=1882 ok=1
Cmd: translateComputeKernel
  api=14 insize=2735 outsize=2553 ok=1
Cmd: translateComputeKernel
  api=14 insize=3121 outsize=3259 ok=1
Cmd: translateComputeKernel
  api=14 insize=2939 outsize=3203 ok=1
Cmd: translateComputeKernel
  api=14 insize=2962 outsize=3044 ok=1
Cmd: translateComputeKernel
  api=14 insize=2917 outsize=2968 ok=1
Cmd: translateComputeKernel
  api=14 insize=2898 outsize=3142 ok=1
Cmd: compileComputeKernel
  api=14 insize=79248 outsize=11313 ok=1
Cmd: compileComputeKernel
  api=14 insize=79248 outsize=5149 ok=1
Cmd: translateComputeKernel
  api=14 insize=9346 outsize=18052 ok=1
Cmd: translateComputeKernel
  api=14 insize=5858 outsize=9783 ok=1
Cmd: translateComputeKernel
  api=14 insize=4542 outsize=7059 ok=1
Cmd: translateComputeKernel
  api=14 insize=5183 outsize=9062 ok=1
Cmd: translateComputeKernel
  api=14 insize=14277 outsize=27311 ok=1
Cmd: compileComputeKernel
  api=14 insize=4442 outsize=2713 ok=1

Quitting shader compiler process
