Base path: '/Applications/Unity/Hub/Editor/2019.3.3f1/Unity.app/Contents', plugins path '/Applications/Unity/Hub/Editor/2019.3.3f1/PlaybackEngines'
Cmd: initializeCompiler
Cmd: compileComputeKernel
  api=14 insize=12109 outsize=2854 ok=1
Cmd: translateComputeKernel
  api=14 insize=3470 outsize=3792 ok=1
Cmd: compileComputeKernel
  api=14 insize=11985 outsize=2853 ok=1
Cmd: compileComputeKernel
  api=14 insize=11985 outsize=2999 ok=1
Cmd: translateComputeKernel
  api=14 insize=2923 outsize=3383 ok=1
Cmd: translateComputeKernel
  api=14 insize=2955 outsize=3425 ok=1
Cmd: compileComputeKernel
  api=14 insize=18301 outsize=3785 ok=1
Cmd: translateComputeKernel
  api=14 insize=4849 outsize=7494 ok=1
Cmd: compileComputeKernel
  api=14 insize=66874 outsize=5115 ok=1
Cmd: compileComputeKernel
  api=14 insize=66874 outsize=3821 ok=1
Cmd: compileComputeKernel
  api=14 insize=66874 outsize=5647 ok=1
Cmd: compileComputeKernel
  api=14 insize=66874 outsize=3453 ok=1
Cmd: compileComputeKernel
  api=14 insize=66874 outsize=3443 ok=1
Cmd: compileComputeKernel
  api=14 insize=66874 outsize=3712 ok=1
Cmd: compileComputeKernel
  api=14 insize=66874 outsize=4051 ok=1
Cmd: compileComputeKernel
  api=14 insize=66874 outsize=4085 ok=1
Cmd: compileComputeKernel
  api=14 insize=66874 outsize=3526 ok=1
Cmd: compileComputeKernel
  api=14 insize=66874 outsize=3912 ok=1
Cmd: translateComputeKernel
  api=14 insize=5898 outsize=8141 ok=1
Cmd: translateComputeKernel
  api=14 insize=4460 outsize=4702 ok=1
Cmd: translateComputeKernel
  api=14 insize=4123 outsize=3826 ok=1
Cmd: translateComputeKernel
  api=14 insize=4196 outsize=3930 ok=1
Cmd: translateComputeKernel
  api=14 insize=4301 outsize=4104 ok=1
Cmd: translateComputeKernel
  api=14 insize=4149 outsize=3844 ok=1
Cmd: translateComputeKernel
  api=14 insize=5138 outsize=5976 ok=1
Cmd: translateComputeKernel
  api=14 insize=4728 outsize=5226 ok=1
Cmd: translateComputeKernel
  api=14 insize=4154 outsize=3977 ok=1
Cmd: translateComputeKernel
  api=14 insize=4321 outsize=4221 ok=1
Cmd: translateComputeKernel
  api=14 insize=5384 outsize=6472 ok=1
Cmd: translateComputeKernel
  api=14 insize=9220 outsize=18048 ok=1
Cmd: compileComputeKernel
  api=14 insize=34089 outsize=2241 ok=1
Cmd: compileComputeKernel
  api=14 insize=34089 outsize=1319 ok=1
Cmd: compileComputeKernel
  api=14 insize=34089 outsize=2146 ok=1
Cmd: compileComputeKernel
  api=14 insize=34089 outsize=2764 ok=1
Cmd: compileComputeKernel
  api=14 insize=34089 outsize=2969 ok=1
Cmd: compileComputeKernel
  api=14 insize=34089 outsize=2768 ok=1
Cmd: compileComputeKernel
  api=14 insize=34089 outsize=2841 ok=1
Cmd: translateComputeKernel
  api=14 insize=1410 outsize=1434 ok=1
Cmd: translateComputeKernel
  api=14 insize=1476 outsize=1516 ok=1
Cmd: translateComputeKernel
  api=14 insize=2480 outsize=2081 ok=1
Cmd: translateComputeKernel
  api=14 insize=2428 outsize=1997 ok=1
Cmd: translateComputeKernel
  api=14 insize=2799 outsize=2750 ok=1
Cmd: translateComputeKernel
  api=14 insize=3121 outsize=3259 ok=1
Cmd: translateComputeKernel
  api=14 insize=2996 outsize=3092 ok=1
Cmd: translateComputeKernel
  api=14 insize=2899 outsize=3156 ok=1
Cmd: translateComputeKernel
  api=14 insize=2854 outsize=3084 ok=1
Cmd: translateComputeKernel
  api=14 insize=2938 outsize=3168 ok=1
Cmd: compileComputeKernel
  api=14 insize=79248 outsize=12236 ok=1
Cmd: compileComputeKernel
  api=14 insize=79248 outsize=14212 ok=1
Cmd: translateComputeKernel
  api=14 insize=16270 outsize=32262 ok=1
Cmd: translateComputeKernel
  api=14 insize=2771 outsize=3037 ok=1

Quitting shader compiler process
