Base path: '/Applications/Unity/Hub/Editor/2019.3.3f1/Unity.app/Contents', plugins path '/Applications/Unity/Hub/Editor/2019.3.3f1/PlaybackEngines'
Cmd: initializeCompiler
Cmd: compileComputeKernel
  api=14 insize=12109 outsize=3203 ok=1
Cmd: translateComputeKernel
  api=14 insize=3121 outsize=3112 ok=1
Cmd: translateComputeKernel
  api=14 insize=3256 outsize=3219 ok=1
Cmd: compileComputeKernel
  api=14 insize=11985 outsize=2853 ok=1
Cmd: compileComputeKernel
  api=14 insize=11985 outsize=2883 ok=1
Cmd: translateComputeKernel
  api=14 insize=2923 outsize=3379 ok=1
Cmd: translateComputeKernel
  api=14 insize=2952 outsize=3422 ok=1
Cmd: compileComputeKernel
  api=14 insize=18301 outsize=4711 ok=1
Cmd: translateComputeKernel
  api=14 insize=4973 outsize=7671 ok=1
Cmd: compileComputeKernel
  api=14 insize=66874 outsize=3711 ok=1
Cmd: compileComputeKernel
  api=14 insize=66874 outsize=3621 ok=1
Cmd: compileComputeKernel
  api=14 insize=66874 outsize=3627 ok=1
Cmd: compileComputeKernel
  api=14 insize=66874 outsize=3456 ok=1
Cmd: compileComputeKernel
  api=14 insize=66874 outsize=3763 ok=1
Cmd: compileComputeKernel
  api=14 insize=66874 outsize=4093 ok=1
Cmd: compileComputeKernel
  api=14 insize=66874 outsize=4051 ok=1
Cmd: compileComputeKernel
  api=14 insize=66874 outsize=4051 ok=1
Cmd: compileComputeKernel
  api=14 insize=66874 outsize=4085 ok=1
Cmd: compileComputeKernel
  api=14 insize=66874 outsize=3433 ok=1
Cmd: compileComputeKernel
  api=14 insize=66874 outsize=3912 ok=1
Cmd: translateComputeKernel
  api=14 insize=5598 outsize=7021 ok=1
Cmd: translateComputeKernel
  api=14 insize=4754 outsize=5363 ok=1
Cmd: translateComputeKernel
  api=14 insize=4137 outsize=3855 ok=1
Cmd: translateComputeKernel
  api=14 insize=4182 outsize=3944 ok=1
Cmd: translateComputeKernel
  api=14 insize=4196 outsize=3930 ok=1
Cmd: translateComputeKernel
  api=14 insize=4124 outsize=3853 ok=1
Cmd: translateComputeKernel
  api=14 insize=4141 outsize=3875 ok=1
Cmd: translateComputeKernel
  api=14 insize=5138 outsize=5976 ok=1
Cmd: translateComputeKernel
  api=14 insize=4732 outsize=5230 ok=1
Cmd: translateComputeKernel
  api=14 insize=4114 outsize=3889 ok=1
Cmd: translateComputeKernel
  api=14 insize=6532 outsize=8649 ok=1
Cmd: translateComputeKernel
  api=14 insize=9640 outsize=17612 ok=1
Cmd: compileComputeKernel
  api=14 insize=34089 outsize=2154 ok=1
Cmd: compileComputeKernel
  api=14 insize=34089 outsize=2249 ok=1
Cmd: compileComputeKernel
  api=14 insize=34089 outsize=2277 ok=1
Cmd: compileComputeKernel
  api=14 insize=34089 outsize=2249 ok=1
Cmd: compileComputeKernel
  api=14 insize=34089 outsize=2730 ok=1
Cmd: compileComputeKernel
  api=14 insize=34089 outsize=2778 ok=1
Cmd: compileComputeKernel
  api=14 insize=34089 outsize=2760 ok=1
Cmd: compileComputeKernel
  api=14 insize=34089 outsize=3103 ok=1
Cmd: translateComputeKernel
  api=14 insize=2342 outsize=1848 ok=1
Cmd: translateComputeKernel
  api=14 insize=2486 outsize=2088 ok=1
Cmd: translateComputeKernel
  api=14 insize=2368 outsize=1882 ok=1
Cmd: translateComputeKernel
  api=14 insize=2799 outsize=2750 ok=1
Cmd: translateComputeKernel
  api=14 insize=3002 outsize=3099 ok=1
Cmd: translateComputeKernel
  api=14 insize=2944 outsize=3007 ok=1
Cmd: translateComputeKernel
  api=14 insize=2972 outsize=3049 ok=1
Cmd: compileComputeKernel
  api=14 insize=79248 outsize=11313 ok=1
Cmd: compileComputeKernel
  api=14 insize=79248 outsize=5149 ok=1
Cmd: translateComputeKernel
  api=14 insize=9142 outsize=17666 ok=1
Cmd: translateComputeKernel
  api=14 insize=5858 outsize=9757 ok=1
Cmd: translateComputeKernel
  api=14 insize=4542 outsize=7062 ok=1
Cmd: translateComputeKernel
  api=14 insize=5183 outsize=9062 ok=1
Cmd: translateComputeKernel
  api=14 insize=6831 outsize=10523 ok=1
Cmd: compileComputeKernel
  api=14 insize=4442 outsize=2858 ok=1
Cmd: compileSnippet
  api=14 type=1 insize=11846 outsize=11918 kw=SHADOWS_SPLIT_SPHERES pd=UNITY_ENABLE_REFLECTION_BUFFERS UNITY_USE_DITHER_MASK_FOR_ALPHABLENDED_SHADOWS UNITY_PBS_USE_BRDF1 UNITY_SPECCUBE_BOX_PROJECTION UNITY_SPECCUBE_BLENDING UNITY_ENABLE_DETAIL_NORMALMAP SHADER_API_DESKTOP UNITY_COLORSPACE_GAMMA UNITY_LIGHT_PROBE_PROXY_VOLUME UNITY_LIGHTMAP_FULL_HDR ok=1

Quitting shader compiler process
