Base path: '/Applications/Unity/Hub/Editor/2019.3.3f1/Unity.app/Contents', plugins path '/Applications/Unity/Hub/Editor/2019.3.3f1/PlaybackEngines'
Cmd: initializeCompiler
Cmd: compileComputeKernel
  api=14 insize=12109 outsize=3656 ok=1
Cmd: translateComputeKernel
  api=14 insize=3869 outsize=4454 ok=1
Cmd: compileComputeKernel
  api=14 insize=11985 outsize=2853 ok=1
Cmd: compileComputeKernel
  api=14 insize=11985 outsize=2887 ok=1
Cmd: translateComputeKernel
  api=14 insize=2923 outsize=3379 ok=1
Cmd: translateComputeKernel
  api=14 insize=2960 outsize=3431 ok=1
Cmd: compileComputeKernel
  api=14 insize=18301 outsize=4904 ok=1
Cmd: translateComputeKernel
  api=14 insize=5073 outsize=7774 ok=1
Cmd: compileComputeKernel
  api=14 insize=66874 outsize=5415 ok=1
Cmd: compileComputeKernel
  api=14 insize=66874 outsize=3779 ok=1
Cmd: compileComputeKernel
  api=14 insize=66874 outsize=3417 ok=1
Cmd: compileComputeKernel
  api=14 insize=66874 outsize=3515 ok=1
Cmd: compileComputeKernel
  api=14 insize=66874 outsize=3443 ok=1
Cmd: compileComputeKernel
  api=14 insize=66874 outsize=4051 ok=1
Cmd: compileComputeKernel
  api=14 insize=66874 outsize=4083 ok=1
Cmd: compileComputeKernel
  api=14 insize=66874 outsize=3458 ok=1
Cmd: compileComputeKernel
  api=14 insize=66874 outsize=4294 ok=1
Cmd: compileComputeKernel
  api=14 insize=66874 outsize=4749 ok=1
Cmd: translateComputeKernel
  api=14 insize=5415 outsize=6223 ok=1
Cmd: translateComputeKernel
  api=14 insize=4273 outsize=4103 ok=1
Cmd: translateComputeKernel
  api=14 insize=4754 outsize=5374 ok=1
Cmd: translateComputeKernel
  api=14 insize=4098 outsize=3815 ok=1
Cmd: translateComputeKernel
  api=14 insize=4333 outsize=4158 ok=1
Cmd: translateComputeKernel
  api=14 insize=4142 outsize=3889 ok=1
Cmd: translateComputeKernel
  api=14 insize=4702 outsize=5184 ok=1
Cmd: translateComputeKernel
  api=14 insize=4783 outsize=5323 ok=1
Cmd: translateComputeKernel
  api=14 insize=4877 outsize=5475 ok=1
Cmd: translateComputeKernel
  api=14 insize=4114 outsize=3873 ok=1
Cmd: translateComputeKernel
  api=14 insize=4565 outsize=4567 ok=1
Cmd: translateComputeKernel
  api=14 insize=5384 outsize=6472 ok=1
Cmd: compileComputeKernel
  api=14 insize=34089 outsize=2146 ok=1
Cmd: compileComputeKernel
  api=14 insize=34089 outsize=2477 ok=1
Cmd: compileComputeKernel
  api=14 insize=34089 outsize=1205 ok=1
Cmd: compileComputeKernel
  api=14 insize=34089 outsize=2764 ok=1
Cmd: compileComputeKernel
  api=14 insize=34089 outsize=2841 ok=1
Cmd: compileComputeKernel
  api=14 insize=34089 outsize=2783 ok=1
Cmd: compileComputeKernel
  api=14 insize=34089 outsize=3090 ok=1
Cmd: translateComputeKernel
  api=14 insize=1409 outsize=1475 ok=1
Cmd: translateComputeKernel
  api=14 insize=2409 outsize=1961 ok=1
Cmd: translateComputeKernel
  api=14 insize=2492 outsize=2064 ok=1
Cmd: translateComputeKernel
  api=14 insize=2396 outsize=1919 ok=1
Cmd: translateComputeKernel
  api=14 insize=2925 outsize=2972 ok=1
Cmd: translateComputeKernel
  api=14 insize=3153 outsize=3313 ok=1
Cmd: translateComputeKernel
  api=14 insize=2939 outsize=3182 ok=1
Cmd: translateComputeKernel
  api=14 insize=3251 outsize=3562 ok=1
Cmd: compileComputeKernel
  api=14 insize=79248 outsize=28414 ok=1
Cmd: translateComputeKernel
  api=14 insize=28448 outsize=59730 ok=1
Cmd: translateComputeKernel
  api=14 insize=3072 outsize=3858 ok=1

Quitting shader compiler process
