Base path: '/Applications/Unity/Hub/Editor/2019.3.3f1/Unity.app/Contents', plugins path '/Applications/Unity/Hub/Editor/2019.3.3f1/PlaybackEngines'
Cmd: initializeCompiler
Cmd: compileComputeKernel
  api=14 insize=12109 outsize=3203 ok=1
Cmd: translateComputeKernel
  api=14 insize=2985 outsize=2778 ok=1
Cmd: translateComputeKernel
  api=14 insize=3500 outsize=4096 ok=1
Cmd: compileComputeKernel
  api=14 insize=11985 outsize=2853 ok=1
Cmd: compileComputeKernel
  api=14 insize=11985 outsize=2916 ok=1
Cmd: translateComputeKernel
  api=14 insize=2923 outsize=3383 ok=1
Cmd: translateComputeKernel
  api=14 insize=3074 outsize=3638 ok=1
Cmd: compileComputeKernel
  api=14 insize=18301 outsize=7173 ok=1
Cmd: translateComputeKernel
  api=14 insize=7503 outsize=13254 ok=1
Cmd: compileComputeKernel
  api=14 insize=66874 outsize=3766 ok=1
Cmd: compileComputeKernel
  api=14 insize=66874 outsize=3621 ok=1
Cmd: compileComputeKernel
  api=14 insize=66874 outsize=4177 ok=1
Cmd: compileComputeKernel
  api=14 insize=66874 outsize=3419 ok=1
Cmd: compileComputeKernel
  api=14 insize=66874 outsize=3814 ok=1
Cmd: compileComputeKernel
  api=14 insize=66874 outsize=3443 ok=1
Cmd: compileComputeKernel
  api=14 insize=66874 outsize=4055 ok=1
Cmd: compileComputeKernel
  api=14 insize=66874 outsize=4206 ok=1
Cmd: compileComputeKernel
  api=14 insize=66874 outsize=4229 ok=1
Cmd: compileComputeKernel
  api=14 insize=66874 outsize=4142 ok=1
Cmd: compileComputeKernel
  api=14 insize=66874 outsize=4765 ok=1
Cmd: translateComputeKernel
  api=14 insize=4363 outsize=4417 ok=1
Cmd: translateComputeKernel
  api=14 insize=4273 outsize=4121 ok=1
Cmd: translateComputeKernel
  api=14 insize=4770 outsize=5503 ok=1
Cmd: translateComputeKernel
  api=14 insize=4100 outsize=3809 ok=1
Cmd: translateComputeKernel
  api=14 insize=4444 outsize=4401 ok=1
Cmd: translateComputeKernel
  api=14 insize=4707 outsize=5072 ok=1
Cmd: translateComputeKernel
  api=14 insize=4393 outsize=4721 ok=1
Cmd: translateComputeKernel
  api=14 insize=4698 outsize=5185 ok=1
Cmd: translateComputeKernel
  api=14 insize=4876 outsize=5475 ok=1
Cmd: translateComputeKernel
  api=14 insize=4729 outsize=5041 ok=1
Cmd: translateComputeKernel
  api=14 insize=5284 outsize=5983 ok=1
Cmd: translateComputeKernel
  api=14 insize=5039 outsize=7784 ok=1
Cmd: compileComputeKernel
  api=14 insize=34089 outsize=2242 ok=1
Cmd: compileComputeKernel
  api=14 insize=34089 outsize=2225 ok=1
Cmd: compileComputeKernel
  api=14 insize=34089 outsize=1205 ok=1
Cmd: compileComputeKernel
  api=14 insize=34089 outsize=1228 ok=1
Cmd: compileComputeKernel
  api=14 insize=34089 outsize=3019 ok=1
Cmd: compileComputeKernel
  api=14 insize=34089 outsize=2937 ok=1
Cmd: compileComputeKernel
  api=14 insize=34089 outsize=2733 ok=1
Cmd: translateComputeKernel
  api=14 insize=2347 outsize=1866 ok=1
Cmd: translateComputeKernel
  api=14 insize=2426 outsize=1965 ok=1
Cmd: translateComputeKernel
  api=14 insize=2428 outsize=1996 ok=1
Cmd: translateComputeKernel
  api=14 insize=2445 outsize=2019 ok=1
Cmd: translateComputeKernel
  api=14 insize=3098 outsize=3373 ok=1
Cmd: translateComputeKernel
  api=14 insize=2933 outsize=3196 ok=1
Cmd: translateComputeKernel
  api=14 insize=2921 outsize=3146 ok=1
Cmd: translateComputeKernel
  api=14 insize=2961 outsize=3030 ok=1
Cmd: compileComputeKernel
  api=14 insize=79248 outsize=28029 ok=1
Cmd: translateComputeKernel
  api=14 insize=23596 outsize=49231 ok=1
Cmd: translateComputeKernel
  api=14 insize=2771 outsize=3047 ok=1

Quitting shader compiler process
