Base path: '/Applications/Unity/Hub/Editor/2019.3.3f1/Unity.app/Contents', plugins path '/Applications/Unity/Hub/Editor/2019.3.3f1/PlaybackEngines'
Cmd: initializeCompiler
Cmd: compileComputeKernel
  api=14 insize=12109 outsize=3779 ok=1
Cmd: translateComputeKernel
  api=14 insize=3457 outsize=3902 ok=1
Cmd: translateComputeKernel
  api=14 insize=4138 outsize=5381 ok=1
Cmd: compileComputeKernel
  api=14 insize=11985 outsize=3008 ok=1
Cmd: compileComputeKernel
  api=14 insize=11985 outsize=2999 ok=1
Cmd: translateComputeKernel
  api=14 insize=2923 outsize=3383 ok=1
Cmd: compileComputeKernel
  api=14 insize=18301 outsize=3785 ok=1
Cmd: translateComputeKernel
  api=14 insize=7267 outsize=12345 ok=1
Cmd: compileComputeKernel
  api=14 insize=66874 outsize=3711 ok=1
Cmd: compileComputeKernel
  api=14 insize=66874 outsize=3621 ok=1
Cmd: compileComputeKernel
  api=14 insize=66874 outsize=3563 ok=1
Cmd: compileComputeKernel
  api=14 insize=66874 outsize=3456 ok=1
Cmd: compileComputeKernel
  api=14 insize=66874 outsize=3442 ok=1
Cmd: compileComputeKernel
  api=14 insize=66874 outsize=3577 ok=1
Cmd: compileComputeKernel
  api=14 insize=66874 outsize=3909 ok=1
Cmd: compileComputeKernel
  api=14 insize=66874 outsize=4491 ok=1
Cmd: compileComputeKernel
  api=14 insize=66874 outsize=4229 ok=1
Cmd: compileComputeKernel
  api=14 insize=66874 outsize=5592 ok=1
Cmd: compileComputeKernel
  api=14 insize=66874 outsize=3053 ok=1
Cmd: translateComputeKernel
  api=14 insize=5898 outsize=8171 ok=1
Cmd: translateComputeKernel
  api=14 insize=4548 outsize=4645 ok=1
Cmd: translateComputeKernel
  api=14 insize=4097 outsize=3813 ok=1
Cmd: translateComputeKernel
  api=14 insize=4495 outsize=4470 ok=1
Cmd: translateComputeKernel
  api=14 insize=4124 outsize=3852 ok=1
Cmd: translateComputeKernel
  api=14 insize=4141 outsize=3875 ok=1
Cmd: translateComputeKernel
  api=14 insize=4698 outsize=5181 ok=1
Cmd: translateComputeKernel
  api=14 insize=4727 outsize=5224 ok=1
Cmd: translateComputeKernel
  api=14 insize=4154 outsize=3976 ok=1
Cmd: translateComputeKernel
  api=14 insize=6190 outsize=8171 ok=1
Cmd: compileComputeKernel
  api=14 insize=72903 outsize=6767 ok=1
Cmd: compileComputeKernel
  api=14 insize=34089 outsize=2244 ok=1
Cmd: compileComputeKernel
  api=14 insize=34089 outsize=1305 ok=1
Cmd: compileComputeKernel
  api=14 insize=34089 outsize=2241 ok=1
Cmd: compileComputeKernel
  api=14 insize=34089 outsize=2793 ok=1
Cmd: compileComputeKernel
  api=14 insize=34089 outsize=2818 ok=1
Cmd: compileComputeKernel
  api=14 insize=34089 outsize=2783 ok=1
Cmd: compileComputeKernel
  api=14 insize=34089 outsize=3090 ok=1
Cmd: translateComputeKernel
  api=14 insize=2349 outsize=1850 ok=1
Cmd: translateComputeKernel
  api=14 insize=1476 outsize=1516 ok=1
Cmd: translateComputeKernel
  api=14 insize=2694 outsize=2369 ok=1
Cmd: translateComputeKernel
  api=14 insize=2479 outsize=2086 ok=1
Cmd: translateComputeKernel
  api=14 insize=3527 outsize=4225 ok=1
Cmd: translateComputeKernel
  api=14 insize=3068 outsize=3206 ok=1
Cmd: translateComputeKernel
  api=14 insize=2917 outsize=2968 ok=1
Cmd: compileComputeKernel
  api=14 insize=79248 outsize=4223 ok=1
Cmd: compileComputeKernel
  api=14 insize=79248 outsize=26606 ok=1
Cmd: translateComputeKernel
  api=14 insize=35531 outsize=69572 ok=1
Cmd: translateComputeKernel
  api=14 insize=3006 outsize=3739 ok=1

Quitting shader compiler process
