Base path: '/Applications/Unity/Hub/Editor/2019.3.3f1/Unity.app/Contents', plugins path '/Applications/Unity/Hub/Editor/2019.3.3f1/PlaybackEngines'
Cmd: initializeCompiler
Cmd: compileComputeKernel
  api=14 insize=12109 outsize=2774 ok=1
Cmd: translateComputeKernel
  api=14 insize=3057 outsize=2925 ok=1
Cmd: compileComputeKernel
  api=14 insize=11985 outsize=2853 ok=1
Cmd: compileComputeKernel
  api=14 insize=11985 outsize=2883 ok=1
Cmd: translateComputeKernel
  api=14 insize=3363 outsize=4162 ok=1
Cmd: translateComputeKernel
  api=14 insize=3074 outsize=3638 ok=1
Cmd: compileComputeKernel
  api=14 insize=18301 outsize=7437 ok=1
Cmd: translateComputeKernel
  api=14 insize=4985 outsize=7743 ok=1
Cmd: compileComputeKernel
  api=14 insize=66874 outsize=5242 ok=1
Cmd: compileComputeKernel
  api=14 insize=66874 outsize=4213 ok=1
Cmd: compileComputeKernel
  api=14 insize=66874 outsize=3417 ok=1
Cmd: compileComputeKernel
  api=14 insize=66874 outsize=3515 ok=1
Cmd: compileComputeKernel
  api=14 insize=66874 outsize=3443 ok=1
Cmd: compileComputeKernel
  api=14 insize=66874 outsize=4055 ok=1
Cmd: compileComputeKernel
  api=14 insize=66874 outsize=4083 ok=1
Cmd: compileComputeKernel
  api=14 insize=66874 outsize=4230 ok=1
Cmd: compileComputeKernel
  api=14 insize=66874 outsize=5500 ok=1
Cmd: compileComputeKernel
  api=14 insize=66874 outsize=4615 ok=1
Cmd: translateComputeKernel
  api=14 insize=4447 outsize=4476 ok=1
Cmd: translateComputeKernel
  api=14 insize=4098 outsize=3815 ok=1
Cmd: translateComputeKernel
  api=14 insize=4730 outsize=5227 ok=1
Cmd: translateComputeKernel
  api=14 insize=4115 outsize=3874 ok=1
Cmd: compileComputeKernel
  api=14 insize=72903 outsize=4088 ok=1
Cmd: translateComputeKernel
  api=14 insize=8155 outsize=13757 ok=1
Cmd: compileComputeKernel
  api=14 insize=34089 outsize=2152 ok=1
Cmd: compileComputeKernel
  api=14 insize=34089 outsize=2183 ok=1
Cmd: compileComputeKernel
  api=14 insize=34089 outsize=2327 ok=1
Cmd: compileComputeKernel
  api=14 insize=34089 outsize=2303 ok=1
Cmd: compileComputeKernel
  api=14 insize=34089 outsize=2770 ok=1
Cmd: compileComputeKernel
  api=14 insize=34089 outsize=2835 ok=1
Cmd: compileComputeKernel
  api=14 insize=34089 outsize=2760 ok=1
Cmd: compileComputeKernel
  api=14 insize=34089 outsize=2859 ok=1
Cmd: translateComputeKernel
  api=14 insize=1410 outsize=1434 ok=1
Cmd: translateComputeKernel
  api=14 insize=2799 outsize=2477 ok=1
Cmd: translateComputeKernel
  api=14 insize=1458 outsize=1514 ok=1
Cmd: translateComputeKernel
  api=14 insize=2954 outsize=3010 ok=1
Cmd: translateComputeKernel
  api=14 insize=2996 outsize=3092 ok=1
Cmd: translateComputeKernel
  api=14 insize=2854 outsize=3084 ok=1
Cmd: compileComputeKernel
  api=14 insize=79248 outsize=9312 ok=1
Cmd: compileComputeKernel
  api=14 insize=79248 outsize=31746 ok=1
Cmd: translateComputeKernel
  api=14 insize=16270 outsize=32262 ok=1

Quitting shader compiler process
