Base path: '/Applications/Unity/Hub/Editor/2019.3.3f1/Unity.app/Contents', plugins path '/Applications/Unity/Hub/Editor/2019.3.3f1/PlaybackEngines'
Cmd: initializeCompiler
Cmd: compileComputeKernel
  api=14 insize=12109 outsize=3227 ok=1
Cmd: translateComputeKernel
  api=14 insize=3830 outsize=4199 ok=1
Cmd: compileComputeKernel
  api=14 insize=11985 outsize=2857 ok=1
Cmd: compileComputeKernel
  api=14 insize=11985 outsize=2885 ok=1
Cmd: translateComputeKernel
  api=14 insize=2923 outsize=3379 ok=1
Cmd: translateComputeKernel
  api=14 insize=3069 outsize=3617 ok=1
Cmd: compileComputeKernel
  api=14 insize=18301 outsize=4651 ok=1
Cmd: translateComputeKernel
  api=14 insize=5117 outsize=7923 ok=1
Cmd: compileComputeKernel
  api=14 insize=66874 outsize=15351 ok=1
Cmd: compileComputeKernel
  api=14 insize=66874 outsize=3473 ok=1
Cmd: compileComputeKernel
  api=14 insize=66874 outsize=3994 ok=1
Cmd: translateComputeKernel
  api=14 insize=5598 outsize=7076 ok=1
Cmd: translateComputeKernel
  api=14 insize=4244 outsize=4228 ok=1
Cmd: translateComputeKernel
  api=14 insize=4364 outsize=4229 ok=1
Cmd: translateComputeKernel
  api=14 insize=4123 outsize=3826 ok=1
Cmd: translateComputeKernel
  api=14 insize=4134 outsize=3855 ok=1
Cmd: translateComputeKernel
  api=14 insize=4301 outsize=4104 ok=1
Cmd: translateComputeKernel
  api=14 insize=4149 outsize=3844 ok=1
Cmd: translateComputeKernel
  api=14 insize=4698 outsize=5181 ok=1
Cmd: translateComputeKernel
  api=14 insize=4732 outsize=5230 ok=1
Cmd: translateComputeKernel
  api=14 insize=4114 outsize=3888 ok=1
Cmd: translateComputeKernel
  api=14 insize=4321 outsize=4211 ok=1
Cmd: translateComputeKernel
  api=14 insize=4181 outsize=3915 ok=1
Cmd: translateComputeKernel
  api=14 insize=4195 outsize=4019 ok=1
Cmd: compileComputeKernel
  api=14 insize=72903 outsize=7493 ok=1
Cmd: compileComputeKernel
  api=14 insize=34089 outsize=1157 ok=1
Cmd: compileComputeKernel
  api=14 insize=34089 outsize=2504 ok=1
Cmd: compileComputeKernel
  api=14 insize=34089 outsize=2422 ok=1
Cmd: compileComputeKernel
  api=14 insize=34089 outsize=2607 ok=1
Cmd: compileComputeKernel
  api=14 insize=34089 outsize=3019 ok=1
Cmd: compileComputeKernel
  api=14 insize=34089 outsize=2874 ok=1
Cmd: compileComputeKernel
  api=14 insize=34089 outsize=2756 ok=1
Cmd: translateComputeKernel
  api=14 insize=2344 outsize=1844 ok=1
Cmd: translateComputeKernel
  api=14 insize=2605 outsize=2248 ok=1
Cmd: translateComputeKernel
  api=14 insize=2446 outsize=2033 ok=1
Cmd: translateComputeKernel
  api=14 insize=2443 outsize=2024 ok=1
Cmd: translateComputeKernel
  api=14 insize=2837 outsize=2731 ok=1
Cmd: translateComputeKernel
  api=14 insize=3002 outsize=3099 ok=1
Cmd: translateComputeKernel
  api=14 insize=2899 outsize=3156 ok=1
Cmd: translateComputeKernel
  api=14 insize=2972 outsize=3049 ok=1
Cmd: compileComputeKernel
  api=14 insize=79248 outsize=13796 ok=1
Cmd: compileComputeKernel
  api=14 insize=79248 outsize=4508 ok=1
Cmd: compileComputeKernel
  api=14 insize=79248 outsize=2912 ok=1
Cmd: compileComputeKernel
  api=14 insize=79248 outsize=3309 ok=1
Cmd: compileComputeKernel
  api=14 insize=79248 outsize=3245 ok=1
Cmd: compileComputeKernel
  api=14 insize=79248 outsize=6699 ok=1
Cmd: compileComputeKernel
  api=14 insize=79248 outsize=13572 ok=1
Cmd: translateComputeKernel
  api=14 insize=15982 outsize=31982 ok=1
Cmd: translateComputeKernel
  api=14 insize=3072 outsize=3831 ok=1

Quitting shader compiler process
